  kernel.cpp
C:\Users\Korisnik.DESKTOP-JVOQTMK\source\repos\ARproject2\ARproject2\kernel.cpp(18,9): warning C4305: 'initializing': truncation from 'double' to '_Ty'
C:\Users\Korisnik.DESKTOP-JVOQTMK\source\repos\ARproject2\ARproject2\kernel.cpp(18,9): warning C4305:         with
C:\Users\Korisnik.DESKTOP-JVOQTMK\source\repos\ARproject2\ARproject2\kernel.cpp(18,9): warning C4305:         [
C:\Users\Korisnik.DESKTOP-JVOQTMK\source\repos\ARproject2\ARproject2\kernel.cpp(18,9): warning C4305:             _Ty=float
C:\Users\Korisnik.DESKTOP-JVOQTMK\source\repos\ARproject2\ARproject2\kernel.cpp(18,9): warning C4305:         ]
C:\Users\Korisnik.DESKTOP-JVOQTMK\source\repos\ARproject2\ARproject2\kernel.cpp(18,17): warning C4305: 'initializing': truncation from 'double' to '_Ty'
C:\Users\Korisnik.DESKTOP-JVOQTMK\source\repos\ARproject2\ARproject2\kernel.cpp(18,17): warning C4305:         with
C:\Users\Korisnik.DESKTOP-JVOQTMK\source\repos\ARproject2\ARproject2\kernel.cpp(18,17): warning C4305:         [
C:\Users\Korisnik.DESKTOP-JVOQTMK\source\repos\ARproject2\ARproject2\kernel.cpp(18,17): warning C4305:             _Ty=float
C:\Users\Korisnik.DESKTOP-JVOQTMK\source\repos\ARproject2\ARproject2\kernel.cpp(18,17): warning C4305:         ]
C:\Users\Korisnik.DESKTOP-JVOQTMK\source\repos\ARproject2\ARproject2\kernel.cpp(18,25): warning C4305: 'initializing': truncation from 'double' to '_Ty'
C:\Users\Korisnik.DESKTOP-JVOQTMK\source\repos\ARproject2\ARproject2\kernel.cpp(18,25): warning C4305:         with
C:\Users\Korisnik.DESKTOP-JVOQTMK\source\repos\ARproject2\ARproject2\kernel.cpp(18,25): warning C4305:         [
C:\Users\Korisnik.DESKTOP-JVOQTMK\source\repos\ARproject2\ARproject2\kernel.cpp(18,25): warning C4305:             _Ty=float
C:\Users\Korisnik.DESKTOP-JVOQTMK\source\repos\ARproject2\ARproject2\kernel.cpp(18,25): warning C4305:         ]
C:\Users\Korisnik.DESKTOP-JVOQTMK\source\repos\ARproject2\ARproject2\kernel.cpp(19,9): warning C4305: 'initializing': truncation from 'double' to '_Ty'
C:\Users\Korisnik.DESKTOP-JVOQTMK\source\repos\ARproject2\ARproject2\kernel.cpp(19,9): warning C4305:         with
C:\Users\Korisnik.DESKTOP-JVOQTMK\source\repos\ARproject2\ARproject2\kernel.cpp(19,9): warning C4305:         [
C:\Users\Korisnik.DESKTOP-JVOQTMK\source\repos\ARproject2\ARproject2\kernel.cpp(19,9): warning C4305:             _Ty=float
C:\Users\Korisnik.DESKTOP-JVOQTMK\source\repos\ARproject2\ARproject2\kernel.cpp(19,9): warning C4305:         ]
C:\Users\Korisnik.DESKTOP-JVOQTMK\source\repos\ARproject2\ARproject2\kernel.cpp(19,17): warning C4305: 'initializing': truncation from 'double' to '_Ty'
C:\Users\Korisnik.DESKTOP-JVOQTMK\source\repos\ARproject2\ARproject2\kernel.cpp(19,17): warning C4305:         with
C:\Users\Korisnik.DESKTOP-JVOQTMK\source\repos\ARproject2\ARproject2\kernel.cpp(19,17): warning C4305:         [
C:\Users\Korisnik.DESKTOP-JVOQTMK\source\repos\ARproject2\ARproject2\kernel.cpp(19,17): warning C4305:             _Ty=float
C:\Users\Korisnik.DESKTOP-JVOQTMK\source\repos\ARproject2\ARproject2\kernel.cpp(19,17): warning C4305:         ]
C:\Users\Korisnik.DESKTOP-JVOQTMK\source\repos\ARproject2\ARproject2\kernel.cpp(19,25): warning C4305: 'initializing': truncation from 'double' to '_Ty'
C:\Users\Korisnik.DESKTOP-JVOQTMK\source\repos\ARproject2\ARproject2\kernel.cpp(19,25): warning C4305:         with
C:\Users\Korisnik.DESKTOP-JVOQTMK\source\repos\ARproject2\ARproject2\kernel.cpp(19,25): warning C4305:         [
C:\Users\Korisnik.DESKTOP-JVOQTMK\source\repos\ARproject2\ARproject2\kernel.cpp(19,25): warning C4305:             _Ty=float
C:\Users\Korisnik.DESKTOP-JVOQTMK\source\repos\ARproject2\ARproject2\kernel.cpp(19,25): warning C4305:         ]
C:\Users\Korisnik.DESKTOP-JVOQTMK\source\repos\ARproject2\ARproject2\kernel.cpp(20,9): warning C4305: 'initializing': truncation from 'double' to '_Ty'
C:\Users\Korisnik.DESKTOP-JVOQTMK\source\repos\ARproject2\ARproject2\kernel.cpp(20,9): warning C4305:         with
C:\Users\Korisnik.DESKTOP-JVOQTMK\source\repos\ARproject2\ARproject2\kernel.cpp(20,9): warning C4305:         [
C:\Users\Korisnik.DESKTOP-JVOQTMK\source\repos\ARproject2\ARproject2\kernel.cpp(20,9): warning C4305:             _Ty=float
C:\Users\Korisnik.DESKTOP-JVOQTMK\source\repos\ARproject2\ARproject2\kernel.cpp(20,9): warning C4305:         ]
C:\Users\Korisnik.DESKTOP-JVOQTMK\source\repos\ARproject2\ARproject2\kernel.cpp(20,17): warning C4305: 'initializing': truncation from 'double' to '_Ty'
C:\Users\Korisnik.DESKTOP-JVOQTMK\source\repos\ARproject2\ARproject2\kernel.cpp(20,17): warning C4305:         with
C:\Users\Korisnik.DESKTOP-JVOQTMK\source\repos\ARproject2\ARproject2\kernel.cpp(20,17): warning C4305:         [
C:\Users\Korisnik.DESKTOP-JVOQTMK\source\repos\ARproject2\ARproject2\kernel.cpp(20,17): warning C4305:             _Ty=float
C:\Users\Korisnik.DESKTOP-JVOQTMK\source\repos\ARproject2\ARproject2\kernel.cpp(20,17): warning C4305:         ]
C:\Users\Korisnik.DESKTOP-JVOQTMK\source\repos\ARproject2\ARproject2\kernel.cpp(20,25): warning C4305: 'initializing': truncation from 'double' to '_Ty'
C:\Users\Korisnik.DESKTOP-JVOQTMK\source\repos\ARproject2\ARproject2\kernel.cpp(20,25): warning C4305:         with
C:\Users\Korisnik.DESKTOP-JVOQTMK\source\repos\ARproject2\ARproject2\kernel.cpp(20,25): warning C4305:         [
C:\Users\Korisnik.DESKTOP-JVOQTMK\source\repos\ARproject2\ARproject2\kernel.cpp(20,25): warning C4305:             _Ty=float
C:\Users\Korisnik.DESKTOP-JVOQTMK\source\repos\ARproject2\ARproject2\kernel.cpp(20,25): warning C4305:         ]
C:\Users\Korisnik.DESKTOP-JVOQTMK\source\repos\ARproject2\ARproject2\kernel.cpp(36,36): warning C4244: 'argument': conversion from 'double' to '_Ty', possible loss of data
C:\Users\Korisnik.DESKTOP-JVOQTMK\source\repos\ARproject2\ARproject2\kernel.cpp(36,36): warning C4244:         with
C:\Users\Korisnik.DESKTOP-JVOQTMK\source\repos\ARproject2\ARproject2\kernel.cpp(36,36): warning C4244:         [
C:\Users\Korisnik.DESKTOP-JVOQTMK\source\repos\ARproject2\ARproject2\kernel.cpp(36,36): warning C4244:             _Ty=float
C:\Users\Korisnik.DESKTOP-JVOQTMK\source\repos\ARproject2\ARproject2\kernel.cpp(36,36): warning C4244:         ]
  main.cpp
  Generating Code...
  ARproject2.vcxproj -> C:\Users\Korisnik.DESKTOP-JVOQTMK\source\repos\ARproject2\x64\Debug\ARproject2.exe
